has connected fd=>1,
has Received form 1=> {"path":"","params":"111"}
run =>>> 
PHP Warning:  Illegal string offset 'fd' in /www/web/Swoole/public_html/Tcp.php on line 53
class:swoole\Controller\indexController
PHP Notice:  Only variables should be passed by reference in /www/web/Swoole/public_html/run.php on line 41
/www/web/Swoole/public_html/Controller/indexController.phphas include 
set Controller => \swoole\Controller\indexController 
Controller>>>开始执行
dispatch 
construct执行任务中！！！
执行结束 
has Received form 1=> {"path":"","params":"111"}
run =>>> 
PHP Warning:  Illegal string offset 'fd' in /www/web/Swoole/public_html/Tcp.php on line 53
dispatch 
construct执行任务中！！！
执行结束 
has Received form 1=> {"path":"","params":"111"}
run =>>> 
PHP Warning:  Illegal string offset 'fd' in /www/web/Swoole/public_html/Tcp.php on line 53
dispatch 
construct执行任务中！！！
执行结束 
has disConnected fd = 1,
[2017-08-20 23:34:15 #11591.2]	NOTICE	Server is shutdown now.
[2017-08-20 23:34:15 $11592.0]	ERROR	swManager_loop(:272): wait() failed. Error: Interrupted system call[4].
